<?xml version="1.0" encoding="UTF-8"?>
<testng-results skipped="0" failed="0" total="1" passed="1">
  <reporter-output>
  </reporter-output>
  <suite name="test suite" duration-ms="10997" started-at="2019-04-07T10:41:45Z" finished-at="2019-04-07T10:41:56Z">
    <groups>
    </groups>
    <test name="maven test" duration-ms="10997" started-at="2019-04-07T10:41:45Z" finished-at="2019-04-07T10:41:56Z">
      <class name="browser.Browser">
        <test-method status="PASS" signature="f()[pri:0, instance:browser.Browser@6b2fad11]" name="f" duration-ms="10981" started-at="2019-04-07T16:11:45Z" finished-at="2019-04-07T16:11:56Z">
          <reporter-output>
          </reporter-output>
        </test-method> <!-- f -->
      </class> <!-- browser.Browser -->
    </test> <!-- maven test -->
  </suite> <!-- test suite -->
</testng-results>
